app/actions/comida.ts(36,11): error TS2353: Object literal may only specify known properties, and 'residenteId_menuId' does not exist in type 'AsistenciaComidaWhereUniqueInput'.
app/actions/comida.ts(38,19): error TS2353: Object literal may only specify known properties, and 'asistio' does not exist in type '(Without<AsistenciaComidaUpdateInput, AsistenciaComidaUncheckedUpdateInput> & AsistenciaComidaUncheckedUpdateInput) | (Without<...> & AsistenciaComidaUpdateInput)'.
app/actions/comida.ts(39,40): error TS2353: Object literal may only specify known properties, and 'asistio' does not exist in type 'Without<AsistenciaComidaCreateInput, AsistenciaComidaUncheckedCreateInput> & AsistenciaComidaUncheckedCreateInput'.
app/actions/comida.ts(44,11): error TS2353: Object literal may only specify known properties, and 'residenteId_menuId' does not exist in type 'AsistenciaComidaWhereUniqueInput'.
app/actions/egresos.ts(19,9): error TS2353: Object literal may only specify known properties, and 'comprobante' does not exist in type 'Without<EgresoCreateInput, EgresoUncheckedCreateInput> & EgresoUncheckedCreateInput'.
app/actions/pagos.ts(54,41): error TS2322: Type 'string' is not assignable to type 'EstadoPago | EnumEstadoPagoFieldUpdateOperationsInput | undefined'.
app/actions/residentes.ts(10,18): error TS2353: Object literal may only specify known properties, and 'disponible' does not exist in type 'HabitacionWhereInput'.
app/actions/residentes.ts(70,19): error TS2353: Object literal may only specify known properties, and 'disponible' does not exist in type '(Without<HabitacionUpdateInput, HabitacionUncheckedUpdateInput> & HabitacionUncheckedUpdateInput) | (Without<...> & HabitacionUpdateInput)'.
app/actions/residentes.ts(115,21): error TS2353: Object literal may only specify known properties, and 'disponible' does not exist in type '(Without<HabitacionUpdateInput, HabitacionUncheckedUpdateInput> & HabitacionUncheckedUpdateInput) | (Without<...> & HabitacionUpdateInput)'.
app/actions/residentes.ts(121,21): error TS2353: Object literal may only specify known properties, and 'disponible' does not exist in type '(Without<HabitacionUpdateInput, HabitacionUncheckedUpdateInput> & HabitacionUncheckedUpdateInput) | (Without<...> & HabitacionUpdateInput)'.
app/actions/residentes.ts(153,19): error TS2353: Object literal may only specify known properties, and 'disponible' does not exist in type '(Without<HabitacionUpdateInput, HabitacionUncheckedUpdateInput> & HabitacionUncheckedUpdateInput) | (Without<...> & HabitacionUpdateInput)'.
app/modules/egresos/page.tsx(13,20): error TS2353: Object literal may only specify known properties, and 'createdAt' does not exist in type 'EgresoOrderByWithRelationInput | EgresoOrderByWithRelationInput[]'.
app/modules/egresos/page.tsx(59,53): error TS2551: Property 'residencia' does not exist on type '{ id: number; residenciaId: number | null; fecha: Date; concepto: string; monto: number; categoria: string; adminId: number; }'. Did you mean 'residenciaId'?
app/modules/egresos/page.tsx(68,57): error TS2551: Property 'admin' does not exist on type '{ id: number; residenciaId: number | null; fecha: Date; concepto: string; monto: number; categoria: string; adminId: number; }'. Did you mean 'adminId'?
app/modules/egresos/page.tsx(70,79): error TS2551: Property 'admin' does not exist on type '{ id: number; residenciaId: number | null; fecha: Date; concepto: string; monto: number; categoria: string; adminId: number; }'. Did you mean 'adminId'?
app/modules/egresos/page.tsx(74,58): error TS2339: Property 'createdAt' does not exist on type '{ id: number; residenciaId: number | null; fecha: Date; concepto: string; monto: number; categoria: string; adminId: number; }'.
components/forms/PagoForm.tsx(32,18): error TS2345: Argument of type 'string | undefined' is not assignable to parameter of type 'SetStateAction<string | null>'.
  Type 'undefined' is not assignable to type 'SetStateAction<string | null>'.
lib/auth.ts(68,17): error TS2322: Type 'number' is not assignable to type 'never'.
prisma/seed.ts(133,21): error TS2353: Object literal may only specify known properties, and 'disponible' does not exist in type 'Without<HabitacionCreateInput, HabitacionUncheckedCreateInput> & HabitacionUncheckedCreateInput'.
prisma/seed.ts(147,21): error TS2353: Object literal may only specify known properties, and 'disponible' does not exist in type 'Without<HabitacionCreateInput, HabitacionUncheckedCreateInput> & HabitacionUncheckedCreateInput'.
